2019-05-08 17:56:20  [ Thread-4:0 ] - [ INFO ]  sshSession connected...
2019-05-08 17:56:20  [ Thread-4:201 ] - [ INFO ]  channel-sftp connected...
2019-05-08 17:56:20  [ Thread-4:214 ] - [ INFO ]  file:/autotest/shell/consistent_test.sh upload success...
2019-05-08 17:56:20  [ Thread-4:214 ] - [ INFO ]  channel-sftp closed!
2019-05-08 17:56:26  [ Thread-4:5841 ] - [ INFO ]  Done!
2019-05-08 17:56:26  [ Thread-4:5844 ] - [ INFO ]  sshSession closed!
2019-05-08 17:56:44  [ Thread-7:23923 ] - [ INFO ]  sshSession connected...
2019-05-08 17:56:45  [ Thread-7:24521 ] - [ INFO ]  Done!
2019-05-08 17:56:45  [ Thread-7:24522 ] - [ INFO ]  sshSession closed!
2019-05-08 17:58:36  [ Thread-4:0 ] - [ INFO ]  sshSession connected...
2019-05-08 17:58:36  [ Thread-4:113 ] - [ INFO ]  channel-sftp connected...
2019-05-08 17:58:36  [ Thread-4:118 ] - [ INFO ]  file:/autotest/shell/consistent_test.sh upload success...
2019-05-08 17:58:36  [ Thread-4:119 ] - [ INFO ]  channel-sftp closed!
2019-05-08 17:58:36  [ Thread-4:531 ] - [ INFO ]  Done!
2019-05-08 17:58:36  [ Thread-4:534 ] - [ INFO ]  sshSession closed!
2019-05-08 17:59:07  [ Thread-7:31318 ] - [ INFO ]  sshSession connected...
2019-05-08 17:59:07  [ Thread-7:31417 ] - [ INFO ]  channel-sftp connected...
2019-05-08 17:59:07  [ Thread-7:31420 ] - [ INFO ]  file:/autotest/shell/consistent_test.sh upload success...
2019-05-08 17:59:07  [ Thread-7:31420 ] - [ INFO ]  channel-sftp closed!
2019-05-08 17:59:07  [ Thread-7:31808 ] - [ INFO ]  Done!
2019-05-08 17:59:07  [ Thread-7:31809 ] - [ INFO ]  sshSession closed!
2019-05-08 17:59:36  [ Thread-4:0 ] - [ INFO ]  sshSession connected...
2019-05-08 17:59:36  [ Thread-4:102 ] - [ INFO ]  channel-sftp connected...
2019-05-08 17:59:36  [ Thread-4:109 ] - [ INFO ]  file:/autotest/shell/consistent_test.sh upload success...
2019-05-08 17:59:36  [ Thread-4:109 ] - [ INFO ]  channel-sftp closed!
2019-05-08 17:59:36  [ Thread-4:468 ] - [ INFO ]  Done!
2019-05-08 17:59:36  [ Thread-4:471 ] - [ INFO ]  sshSession closed!
2019-05-08 21:13:18  [ Thread-5:0 ] - [ INFO ]  sshSession connected...
2019-05-08 21:13:20  [ Thread-4:1227 ] - [ INFO ]  sshSession connected...
2019-05-08 21:13:20  [ Thread-4:2051 ] - [ INFO ]  Done!
2019-05-08 21:13:21  [ ForkJoinPool.commonPool-worker-1:3071 ] - [ INFO ]  Done!
2019-05-08 21:13:24  [ ForkJoinPool.commonPool-worker-1:6066 ] - [ INFO ]  Done!
2019-05-08 21:13:27  [ ForkJoinPool.commonPool-worker-1:9066 ] - [ INFO ]  Done!
2019-05-08 21:13:30  [ ForkJoinPool.commonPool-worker-1:12065 ] - [ INFO ]  Done!
2019-05-08 21:13:33  [ ForkJoinPool.commonPool-worker-1:15066 ] - [ INFO ]  Done!
2019-05-08 21:13:36  [ ForkJoinPool.commonPool-worker-1:18066 ] - [ INFO ]  Done!
2019-05-08 21:13:38  [ Thread-5:20005 ] - [ INFO ]  Done!
2019-05-08 21:13:38  [ Thread-5:20007 ] - [ INFO ]  sshSession closed!
2019-05-08 21:13:38  [ Thread-4:20058 ] - [ INFO ]  sshSession closed!
2019-05-08 22:14:36  [ Thread-5:0 ] - [ INFO ]  sshSession connected...
2019-05-08 22:14:37  [ Thread-5:793 ] - [ INFO ]  Done!
2019-05-08 22:14:38  [ ForkJoinPool.commonPool-worker-1:1837 ] - [ INFO ]  Done!
2019-05-08 22:16:48  [ Thread-4:132508 ] - [ INFO ]  sshSession connected...
2019-05-08 22:16:49  [ Thread-4:133128 ] - [ INFO ]  Done!
2019-05-08 22:16:49  [ ForkJoinPool.commonPool-worker-2:133526 ] - [ INFO ]  Done!
2019-05-08 22:16:49  [ ForkJoinPool.commonPool-worker-2:133527 ] - [ INFO ]  channel-exec closed!
2019-05-08 22:17:10  [ ForkJoinPool.commonPool-worker-1:154110 ] - [ INFO ]  Done!
2019-05-08 22:17:41  [ ForkJoinPool.commonPool-worker-3:185328 ] - [ INFO ]  Done!
2019-05-08 22:17:41  [ ForkJoinPool.commonPool-worker-4:185329 ] - [ INFO ]  Done!
2019-05-08 22:17:41  [ ForkJoinPool.commonPool-worker-4:185374 ] - [ INFO ]  channel-exec closed!
2019-05-08 22:17:54  [ ForkJoinPool.commonPool-worker-5:198343 ] - [ INFO ]  Done!
2019-05-08 22:17:54  [ ForkJoinPool.commonPool-worker-5:198361 ] - [ INFO ]  channel-exec closed!
2019-05-08 22:17:56  [ ForkJoinPool.commonPool-worker-1:200412 ] - [ INFO ]  Done!
2019-05-08 22:17:59  [ ForkJoinPool.commonPool-worker-2:203053 ] - [ INFO ]  Done!
2019-05-08 22:18:16  [ ForkJoinPool.commonPool-worker-4:220672 ] - [ INFO ]  Done!
2019-05-08 22:19:37  [ ForkJoinPool.commonPool-worker-1:301335 ] - [ INFO ]  Done!
2019-05-08 22:19:39  [ ForkJoinPool.commonPool-worker-3:303666 ] - [ INFO ]  Done!
2019-05-08 22:19:39  [ ForkJoinPool.commonPool-worker-6:303666 ] - [ INFO ]  Done!
2019-05-08 22:19:37  [ ForkJoinPool.commonPool-worker-5:301335 ] - [ INFO ]  Done!
2019-05-08 22:19:45  [ ForkJoinPool.commonPool-worker-3:309545 ] - [ INFO ]  channel-exec closed!
2019-05-08 22:19:42  [ ForkJoinPool.commonPool-worker-7:305771 ] - [ INFO ]  Done!
2019-05-08 22:19:46  [ ForkJoinPool.commonPool-worker-7:310148 ] - [ INFO ]  channel-exec closed!
2019-05-08 22:19:42  [ ForkJoinPool.commonPool-worker-2:305771 ] - [ INFO ]  Done!
2019-05-08 22:19:47  [ ForkJoinPool.commonPool-worker-2:311298 ] - [ INFO ]  channel-exec closed!
2019-05-08 22:20:00  [ ForkJoinPool.commonPool-worker-4:324593 ] - [ INFO ]  Done!
2019-05-08 22:20:00  [ ForkJoinPool.commonPool-worker-4:324596 ] - [ INFO ]  channel-exec closed!
2019-05-08 22:20:00  [ ForkJoinPool.commonPool-worker-2:324593 ] - [ INFO ]  Done!
2019-05-08 22:20:02  [ ForkJoinPool.commonPool-worker-2:325772 ] - [ INFO ]  channel-exec closed!
2019-05-08 22:20:08  [ ForkJoinPool.commonPool-worker-6:332221 ] - [ INFO ]  Done!
2019-05-08 22:20:08  [ ForkJoinPool.commonPool-worker-4:332680 ] - [ INFO ]  Done!
2019-05-08 22:20:08  [ ForkJoinPool.commonPool-worker-2:332243 ] - [ INFO ]  Done!
2019-05-08 22:20:08  [ ForkJoinPool.commonPool-worker-6:332680 ] - [ INFO ]  channel-exec closed!
2019-05-08 22:20:10  [ ForkJoinPool.commonPool-worker-2:334579 ] - [ INFO ]  channel-exec closed!
2019-05-08 22:20:10  [ ForkJoinPool.commonPool-worker-5:334579 ] - [ INFO ]  Done, but exit status not set!
2019-05-08 22:20:13  [ ForkJoinPool.commonPool-worker-7:337113 ] - [ INFO ]  Done!
2019-05-08 22:20:13  [ ForkJoinPool.commonPool-worker-5:337115 ] - [ INFO ]  channel-exec closed!
2019-05-08 22:20:14  [ ForkJoinPool.commonPool-worker-7:338071 ] - [ INFO ]  channel-exec closed!
2019-05-08 22:20:17  [ ForkJoinPool.commonPool-worker-5:341122 ] - [ INFO ]  Done!
2019-05-08 22:20:17  [ ForkJoinPool.commonPool-worker-1:341125 ] - [ INFO ]  Done!
2019-05-08 22:20:30  [ ForkJoinPool.commonPool-worker-5:353895 ] - [ INFO ]  Done!
2019-05-08 22:20:30  [ ForkJoinPool.commonPool-worker-4:353896 ] - [ INFO ]  Done!
2019-05-08 22:20:33  [ ForkJoinPool.commonPool-worker-5:357240 ] - [ INFO ]  channel-exec closed!
2019-05-08 22:20:33  [ ForkJoinPool.commonPool-worker-6:357240 ] - [ INFO ]  Done!
2019-05-08 22:20:33  [ ForkJoinPool.commonPool-worker-4:357244 ] - [ INFO ]  channel-exec closed!
2019-05-08 22:20:37  [ ForkJoinPool.commonPool-worker-2:361250 ] - [ INFO ]  Done!
2019-05-08 22:20:37  [ ForkJoinPool.commonPool-worker-3:361250 ] - [ INFO ]  Done!
2019-05-08 22:20:40  [ ForkJoinPool.commonPool-worker-3:364250 ] - [ INFO ]  Done!
2019-05-08 22:20:40  [ ForkJoinPool.commonPool-worker-2:364250 ] - [ INFO ]  Done!
2019-05-08 22:20:43  [ ForkJoinPool.commonPool-worker-3:367252 ] - [ INFO ]  Done!
2019-05-08 22:20:43  [ ForkJoinPool.commonPool-worker-2:367252 ] - [ INFO ]  Done!
2019-05-08 22:20:46  [ ForkJoinPool.commonPool-worker-2:370250 ] - [ INFO ]  Done!
2019-05-08 22:20:46  [ ForkJoinPool.commonPool-worker-3:370252 ] - [ INFO ]  Done!
2019-05-08 22:20:49  [ ForkJoinPool.commonPool-worker-3:373251 ] - [ INFO ]  Done!
2019-05-08 22:20:49  [ ForkJoinPool.commonPool-worker-2:373261 ] - [ INFO ]  Done!
2019-05-08 22:20:52  [ ForkJoinPool.commonPool-worker-2:376252 ] - [ INFO ]  Done!
2019-05-08 22:20:52  [ ForkJoinPool.commonPool-worker-3:376252 ] - [ INFO ]  Done!
2019-05-08 22:20:55  [ ForkJoinPool.commonPool-worker-3:379252 ] - [ INFO ]  Done!
2019-05-08 22:20:55  [ ForkJoinPool.commonPool-worker-2:379253 ] - [ INFO ]  Done!
2019-05-08 22:20:58  [ ForkJoinPool.commonPool-worker-2:382252 ] - [ INFO ]  Done!
2019-05-08 22:20:58  [ ForkJoinPool.commonPool-worker-3:382253 ] - [ INFO ]  Done!
2019-05-08 22:21:01  [ ForkJoinPool.commonPool-worker-3:385255 ] - [ INFO ]  Done!
2019-05-08 22:21:01  [ ForkJoinPool.commonPool-worker-2:385255 ] - [ INFO ]  Done!
2019-05-08 22:21:04  [ ForkJoinPool.commonPool-worker-2:388255 ] - [ INFO ]  Done!
2019-05-08 22:21:04  [ ForkJoinPool.commonPool-worker-3:388256 ] - [ INFO ]  Done!
2019-05-08 22:21:07  [ ForkJoinPool.commonPool-worker-3:391255 ] - [ INFO ]  Done!
2019-05-08 22:21:07  [ ForkJoinPool.commonPool-worker-2:391255 ] - [ INFO ]  Done!
2019-05-08 22:21:10  [ ForkJoinPool.commonPool-worker-2:394255 ] - [ INFO ]  Done!
2019-05-08 22:21:10  [ ForkJoinPool.commonPool-worker-3:394255 ] - [ INFO ]  Done!
2019-05-08 22:21:13  [ ForkJoinPool.commonPool-worker-3:397256 ] - [ INFO ]  Done!
2019-05-08 22:21:13  [ ForkJoinPool.commonPool-worker-2:397257 ] - [ INFO ]  Done!
2019-05-08 22:28:47  [ Thread-5:0 ] - [ INFO ]  sshSession connected...
2019-05-08 22:28:47  [ Thread-5:668 ] - [ INFO ]  Done!
2019-05-08 22:28:48  [ ForkJoinPool.commonPool-worker-1:1693 ] - [ INFO ]  Done!
2019-05-08 22:28:49  [ Thread-4:2323 ] - [ INFO ]  sshSession connected...
2019-05-08 22:28:50  [ Thread-4:2975 ] - [ INFO ]  Done!
2019-05-08 22:28:51  [ ForkJoinPool.commonPool-worker-1:3984 ] - [ INFO ]  Done!
2019-05-08 22:28:51  [ ForkJoinPool.commonPool-worker-2:4694 ] - [ INFO ]  Done!
2019-05-08 22:28:54  [ ForkJoinPool.commonPool-worker-2:6986 ] - [ INFO ]  Done!
2019-05-08 22:28:54  [ ForkJoinPool.commonPool-worker-1:7694 ] - [ INFO ]  Done!
2019-05-08 22:28:57  [ ForkJoinPool.commonPool-worker-1:9985 ] - [ INFO ]  Done!
2019-05-08 22:28:57  [ ForkJoinPool.commonPool-worker-2:10695 ] - [ INFO ]  Done!
2019-05-08 22:30:05  [ Thread-4:0 ] - [ INFO ]  sshSession connected...
2019-05-08 22:30:06  [ Thread-4:640 ] - [ INFO ]  Done!
2019-05-08 22:30:07  [ ForkJoinPool.commonPool-worker-1:1664 ] - [ INFO ]  Done!
2019-05-08 22:30:25  [ ForkJoinPool.commonPool-worker-2:20106 ] - [ INFO ]  Done!
2019-05-08 22:30:25  [ ForkJoinPool.commonPool-worker-3:20107 ] - [ INFO ]  Done!
2019-05-08 22:30:25  [ ForkJoinPool.commonPool-worker-3:20108 ] - [ INFO ]  channel-exec closed!
2019-05-08 22:31:34  [ ForkJoinPool.commonPool-worker-4:88861 ] - [ INFO ]  Done!
2019-05-08 22:31:34  [ ForkJoinPool.commonPool-worker-4:88862 ] - [ INFO ]  channel-exec closed!
2019-05-08 22:32:46  [ ForkJoinPool.commonPool-worker-5:160924 ] - [ INFO ]  Done!
2019-05-08 22:32:46  [ ForkJoinPool.commonPool-worker-5:160924 ] - [ INFO ]  channel-exec closed!
2019-05-08 22:35:40  [ ForkJoinPool.commonPool-worker-3:334715 ] - [ INFO ]  Done!
2019-05-08 22:35:40  [ ForkJoinPool.commonPool-worker-3:334715 ] - [ INFO ]  channel-exec closed!
2019-05-08 22:35:49  [ ForkJoinPool.commonPool-worker-2:344367 ] - [ INFO ]  Done!
2019-05-08 22:39:34  [ ForkJoinPool.commonPool-worker-1:569125 ] - [ INFO ]  Done!
2019-05-08 22:39:49  [ ForkJoinPool.commonPool-worker-5:583731 ] - [ INFO ]  Done!
2019-05-08 22:40:15  [ ForkJoinPool.commonPool-worker-4:609962 ] - [ INFO ]  Done!
2019-05-08 22:40:28  [ ForkJoinPool.commonPool-worker-7:622619 ] - [ INFO ]  Done!
2019-05-08 22:40:28  [ ForkJoinPool.commonPool-worker-6:622618 ] - [ INFO ]  Done!
2019-05-08 22:40:28  [ ForkJoinPool.commonPool-worker-3:622617 ] - [ INFO ]  Done!
2019-05-08 22:40:28  [ ForkJoinPool.commonPool-worker-4:622620 ] - [ INFO ]  channel-exec closed!
2019-05-08 22:41:05  [ ForkJoinPool.commonPool-worker-3:659869 ] - [ INFO ]  channel-exec closed!
2019-05-08 22:41:01  [ ForkJoinPool.commonPool-worker-1:656187 ] - [ INFO ]  Done!
2019-05-08 22:41:13  [ ForkJoinPool.commonPool-worker-1:667487 ] - [ INFO ]  channel-exec closed!
2019-05-08 22:41:17  [ ForkJoinPool.commonPool-worker-1:671918 ] - [ INFO ]  Done!
2019-05-08 22:41:29  [ ForkJoinPool.commonPool-worker-3:683710 ] - [ INFO ]  Done!
2019-05-08 22:41:29  [ ForkJoinPool.commonPool-worker-7:683711 ] - [ INFO ]  Done!
2019-05-08 22:41:29  [ ForkJoinPool.commonPool-worker-3:683713 ] - [ INFO ]  channel-exec closed!
2019-05-08 22:42:59  [ Thread-4:0 ] - [ INFO ]  sshSession connected...
2019-05-08 22:43:00  [ Thread-4:651 ] - [ INFO ]  Done!
2019-05-08 22:43:01  [ ForkJoinPool.commonPool-worker-1:1667 ] - [ INFO ]  Done!
2019-05-08 22:43:28  [ Thread-4:28841 ] - [ INFO ]  sshSession closed!
2019-05-08 22:44:16  [ Thread-7:76730 ] - [ INFO ]  sshSession connected...
2019-05-08 22:44:16  [ Thread-7:77372 ] - [ INFO ]  Done!
2019-05-08 22:44:17  [ ForkJoinPool.commonPool-worker-2:78383 ] - [ INFO ]  Done!
2019-05-08 22:44:21  [ Thread-7:82135 ] - [ INFO ]  sshSession closed!
2019-05-08 22:46:26  [ Thread-10:207130 ] - [ INFO ]  sshSession connected...
2019-05-08 22:46:27  [ Thread-10:207768 ] - [ INFO ]  Done!
2019-05-08 22:46:28  [ ForkJoinPool.commonPool-worker-3:208787 ] - [ INFO ]  Done!
2019-05-08 22:46:30  [ Thread-10:211163 ] - [ INFO ]  sshSession closed!
2019-05-08 22:48:38  [ Thread-13:338932 ] - [ INFO ]  sshSession connected...
2019-05-08 22:48:39  [ Thread-13:339578 ] - [ INFO ]  Done!
2019-05-08 22:48:40  [ ForkJoinPool.commonPool-worker-4:340601 ] - [ INFO ]  Done!
2019-05-08 22:48:43  [ Thread-13:344046 ] - [ INFO ]  sshSession closed!
2019-05-08 22:49:35  [ Thread-16:396216 ] - [ INFO ]  sshSession connected...
2019-05-08 22:49:36  [ Thread-16:396849 ] - [ INFO ]  Done!
2019-05-08 22:49:37  [ ForkJoinPool.commonPool-worker-5:397860 ] - [ INFO ]  Done!
2019-05-08 22:49:43  [ Thread-16:404413 ] - [ INFO ]  sshSession closed!
2019-05-08 22:56:52  [ Thread-4:0 ] - [ INFO ]  sshSession connected...
2019-05-08 22:56:53  [ Thread-4:641 ] - [ INFO ]  Done!
2019-05-08 22:56:54  [ ForkJoinPool.commonPool-worker-1:1659 ] - [ INFO ]  Done!
2019-05-08 22:56:59  [ Thread-4:6541 ] - [ INFO ]  sshSession closed!
2019-05-08 23:02:07  [ Thread-4:0 ] - [ INFO ]  sshSession connected...
2019-05-08 23:02:07  [ Thread-4:644 ] - [ INFO ]  Done!
2019-05-08 23:02:08  [ ForkJoinPool.commonPool-worker-1:1661 ] - [ INFO ]  Done!
2019-05-08 23:02:12  [ Thread-4:5624 ] - [ INFO ]  sshSession closed!
2019-05-08 23:03:00  [ Thread-7:52930 ] - [ INFO ]  sshSession connected...
2019-05-08 23:03:00  [ Thread-7:53574 ] - [ INFO ]  Done!
2019-05-08 23:03:01  [ ForkJoinPool.commonPool-worker-2:54584 ] - [ INFO ]  Done!
2019-05-08 23:03:06  [ Thread-7:58868 ] - [ INFO ]  sshSession closed!
2019-05-08 23:04:39  [ Thread-10:152386 ] - [ INFO ]  sshSession connected...
2019-05-08 23:04:40  [ Thread-10:153044 ] - [ INFO ]  Done!
2019-05-08 23:04:41  [ ForkJoinPool.commonPool-worker-3:154060 ] - [ INFO ]  Done!
2019-05-08 23:04:51  [ Thread-10:164082 ] - [ INFO ]  sshSession closed!
2019-05-08 23:05:38  [ Thread-13:211608 ] - [ INFO ]  sshSession connected...
2019-05-08 23:05:39  [ Thread-13:212253 ] - [ INFO ]  Done!
2019-05-08 23:05:40  [ ForkJoinPool.commonPool-worker-4:213265 ] - [ INFO ]  Done!
2019-05-08 23:05:44  [ Thread-13:216919 ] - [ INFO ]  sshSession closed!
2019-05-08 23:07:17  [ Thread-16:310669 ] - [ INFO ]  sshSession connected...
2019-05-08 23:07:18  [ Thread-16:311298 ] - [ INFO ]  Done!
2019-05-08 23:07:19  [ ForkJoinPool.commonPool-worker-5:312321 ] - [ INFO ]  Done!
2019-05-08 23:07:31  [ Thread-16:323876 ] - [ INFO ]  sshSession closed!
2019-05-08 23:08:40  [ Thread-4:0 ] - [ INFO ]  sshSession connected...
2019-05-08 23:08:41  [ Thread-4:638 ] - [ INFO ]  Done!
2019-05-08 23:08:42  [ ForkJoinPool.commonPool-worker-1:1653 ] - [ INFO ]  Done!
2019-05-08 23:08:44  [ Thread-4:3646 ] - [ INFO ]  sshSession closed!
2019-05-08 23:08:54  [ Thread-7:13818 ] - [ INFO ]  sshSession connected...
2019-05-08 23:08:55  [ Thread-7:14457 ] - [ INFO ]  Done!
2019-05-08 23:08:56  [ ForkJoinPool.commonPool-worker-1:15466 ] - [ INFO ]  Done!
2019-05-08 23:08:58  [ Thread-7:17458 ] - [ INFO ]  sshSession closed!
2019-05-08 23:09:25  [ Thread-5:0 ] - [ INFO ]  sshSession connected...
2019-05-08 23:09:26  [ Thread-5:676 ] - [ INFO ]  Done!
2019-05-08 23:09:27  [ ForkJoinPool.commonPool-worker-1:1689 ] - [ INFO ]  Done!
2019-05-08 23:09:27  [ Thread-4:2015 ] - [ INFO ]  sshSession connected...
2019-05-08 23:09:28  [ Thread-4:2652 ] - [ INFO ]  Done!
2019-05-08 23:09:29  [ ForkJoinPool.commonPool-worker-1:3661 ] - [ INFO ]  Done!
2019-05-08 23:09:30  [ ForkJoinPool.commonPool-worker-1:4702 ] - [ INFO ]  Done!
2019-05-08 23:09:32  [ ForkJoinPool.commonPool-worker-1:6662 ] - [ INFO ]  Done!
2019-05-08 23:09:33  [ ForkJoinPool.commonPool-worker-1:7690 ] - [ INFO ]  Done!
2019-05-08 23:09:35  [ ForkJoinPool.commonPool-worker-1:9671 ] - [ INFO ]  Done!
2019-05-08 23:09:36  [ ForkJoinPool.commonPool-worker-1:10691 ] - [ INFO ]  Done!
2019-05-08 23:09:38  [ ForkJoinPool.commonPool-worker-1:12663 ] - [ INFO ]  Done!
2019-05-08 23:09:39  [ ForkJoinPool.commonPool-worker-1:13693 ] - [ INFO ]  Done!
2019-05-08 23:09:41  [ ForkJoinPool.commonPool-worker-1:15662 ] - [ INFO ]  Done!
2019-05-08 23:09:42  [ ForkJoinPool.commonPool-worker-1:16692 ] - [ INFO ]  Done!
2019-05-08 23:09:44  [ ForkJoinPool.commonPool-worker-1:18663 ] - [ INFO ]  Done!
2019-05-08 23:09:45  [ ForkJoinPool.commonPool-worker-1:19692 ] - [ INFO ]  Done!
2019-05-08 23:09:47  [ ForkJoinPool.commonPool-worker-1:21664 ] - [ INFO ]  Done!
2019-05-08 23:09:48  [ ForkJoinPool.commonPool-worker-1:22693 ] - [ INFO ]  Done!
2019-05-08 23:09:50  [ ForkJoinPool.commonPool-worker-1:24664 ] - [ INFO ]  Done!
2019-05-08 23:09:51  [ ForkJoinPool.commonPool-worker-1:25694 ] - [ INFO ]  Done!
2019-05-08 23:09:53  [ ForkJoinPool.commonPool-worker-1:27663 ] - [ INFO ]  Done!
2019-05-08 23:09:54  [ ForkJoinPool.commonPool-worker-1:28694 ] - [ INFO ]  Done!
2019-05-08 23:09:56  [ ForkJoinPool.commonPool-worker-1:30665 ] - [ INFO ]  Done!
2019-05-08 23:09:57  [ ForkJoinPool.commonPool-worker-1:31694 ] - [ INFO ]  Done!
2019-05-08 23:09:59  [ ForkJoinPool.commonPool-worker-1:33665 ] - [ INFO ]  Done!
2019-05-08 23:10:00  [ ForkJoinPool.commonPool-worker-1:34694 ] - [ INFO ]  Done!
2019-05-08 23:10:02  [ ForkJoinPool.commonPool-worker-1:36665 ] - [ INFO ]  Done!
2019-05-08 23:10:03  [ ForkJoinPool.commonPool-worker-1:37699 ] - [ INFO ]  Done!
2019-05-08 23:10:05  [ ForkJoinPool.commonPool-worker-1:39666 ] - [ INFO ]  Done!
2019-05-08 23:10:06  [ ForkJoinPool.commonPool-worker-1:40695 ] - [ INFO ]  Done!
2019-05-08 23:10:08  [ ForkJoinPool.commonPool-worker-1:42666 ] - [ INFO ]  Done!
2019-05-08 23:10:09  [ ForkJoinPool.commonPool-worker-1:43696 ] - [ INFO ]  Done!
2019-05-08 23:10:11  [ ForkJoinPool.commonPool-worker-1:45669 ] - [ INFO ]  Done!
2019-05-08 23:10:12  [ ForkJoinPool.commonPool-worker-1:46697 ] - [ INFO ]  Done!
2019-05-08 23:10:13  [ Thread-10:47952 ] - [ INFO ]  sshSession connected...
2019-05-08 23:10:13  [ Thread-10:48076 ] - [ INFO ]  channel-sftp connected...
2019-05-08 23:10:13  [ Thread-10:48257 ] - [ INFO ]  file:/autotest/testtool/sysbench-3.0.0.tar.gz upload success...
2019-05-08 23:10:13  [ Thread-10:48258 ] - [ INFO ]  channel-sftp closed!
2019-05-08 23:10:13  [ Thread-10:48271 ] - [ INFO ]  channel-sftp connected...
2019-05-08 23:10:13  [ Thread-10:48291 ] - [ INFO ]  file:/autotest/shell/sysbench_test.sh upload success...
2019-05-08 23:10:13  [ Thread-10:48291 ] - [ INFO ]  channel-sftp closed!
2019-05-08 23:10:14  [ ForkJoinPool.commonPool-worker-1:48668 ] - [ INFO ]  Done!
2019-05-08 23:10:15  [ ForkJoinPool.commonPool-worker-1:49698 ] - [ INFO ]  Done!
2019-05-08 23:10:17  [ ForkJoinPool.commonPool-worker-1:51677 ] - [ INFO ]  Done!
2019-05-08 23:10:18  [ ForkJoinPool.commonPool-worker-1:52699 ] - [ INFO ]  Done!
2019-05-08 23:10:20  [ ForkJoinPool.commonPool-worker-1:54684 ] - [ INFO ]  Done!
2019-05-08 23:10:21  [ ForkJoinPool.commonPool-worker-1:55749 ] - [ INFO ]  Done!
2019-05-08 23:10:23  [ ForkJoinPool.commonPool-worker-1:57670 ] - [ INFO ]  Done!
2019-05-08 23:10:24  [ ForkJoinPool.commonPool-worker-1:58715 ] - [ INFO ]  Done!
2019-05-08 23:10:26  [ ForkJoinPool.commonPool-worker-1:60674 ] - [ INFO ]  Done!
2019-05-08 23:10:27  [ ForkJoinPool.commonPool-worker-1:61702 ] - [ INFO ]  Done!
2019-05-08 23:10:29  [ ForkJoinPool.commonPool-worker-1:63680 ] - [ INFO ]  Done!
2019-05-08 23:10:30  [ ForkJoinPool.commonPool-worker-1:64720 ] - [ INFO ]  Done!
2019-05-08 23:10:32  [ ForkJoinPool.commonPool-worker-1:66703 ] - [ INFO ]  Done!
2019-05-08 23:10:33  [ ForkJoinPool.commonPool-worker-2:67700 ] - [ INFO ]  Done!
2019-05-08 23:10:35  [ ForkJoinPool.commonPool-worker-2:69687 ] - [ INFO ]  Done!
2019-05-08 23:10:36  [ ForkJoinPool.commonPool-worker-2:70702 ] - [ INFO ]  Done!
2019-05-08 23:10:38  [ ForkJoinPool.commonPool-worker-2:72684 ] - [ INFO ]  Done!
2019-05-08 23:10:39  [ ForkJoinPool.commonPool-worker-2:73708 ] - [ INFO ]  Done!
2019-05-08 23:10:41  [ ForkJoinPool.commonPool-worker-2:75675 ] - [ INFO ]  Done!
2019-05-08 23:10:42  [ ForkJoinPool.commonPool-worker-2:76709 ] - [ INFO ]  Done!
2019-05-08 23:10:44  [ ForkJoinPool.commonPool-worker-2:78685 ] - [ INFO ]  Done!
2019-05-08 23:10:45  [ ForkJoinPool.commonPool-worker-2:79707 ] - [ INFO ]  Done!
2019-05-08 23:10:47  [ ForkJoinPool.commonPool-worker-2:81682 ] - [ INFO ]  Done!
2019-05-08 23:10:48  [ ForkJoinPool.commonPool-worker-2:82704 ] - [ INFO ]  Done!
2019-05-08 23:10:50  [ ForkJoinPool.commonPool-worker-2:84677 ] - [ INFO ]  Done!
2019-05-08 23:10:51  [ ForkJoinPool.commonPool-worker-2:85705 ] - [ INFO ]  Done!
2019-05-08 23:10:53  [ ForkJoinPool.commonPool-worker-2:87676 ] - [ INFO ]  Done!
2019-05-08 23:10:54  [ ForkJoinPool.commonPool-worker-2:88706 ] - [ INFO ]  Done!
2019-05-08 23:10:56  [ ForkJoinPool.commonPool-worker-2:90677 ] - [ INFO ]  Done!
2019-05-08 23:10:57  [ ForkJoinPool.commonPool-worker-2:91711 ] - [ INFO ]  Done!
2019-05-08 23:10:59  [ ForkJoinPool.commonPool-worker-2:93678 ] - [ INFO ]  Done!
2019-05-08 23:11:00  [ ForkJoinPool.commonPool-worker-2:94710 ] - [ INFO ]  Done!
2019-05-08 23:11:02  [ ForkJoinPool.commonPool-worker-2:96690 ] - [ INFO ]  Done!
2019-05-08 23:11:03  [ ForkJoinPool.commonPool-worker-2:97708 ] - [ INFO ]  Done!
2019-05-08 23:11:05  [ ForkJoinPool.commonPool-worker-2:99682 ] - [ INFO ]  Done!
2019-05-08 23:11:06  [ ForkJoinPool.commonPool-worker-2:100711 ] - [ INFO ]  Done!
2019-05-08 23:11:08  [ ForkJoinPool.commonPool-worker-2:102682 ] - [ INFO ]  Done!
2019-05-08 23:11:09  [ ForkJoinPool.commonPool-worker-2:103713 ] - [ INFO ]  Done!
2019-05-08 23:11:11  [ ForkJoinPool.commonPool-worker-2:105682 ] - [ INFO ]  Done!
2019-05-08 23:11:12  [ ForkJoinPool.commonPool-worker-2:106735 ] - [ INFO ]  Done!
2019-05-08 23:11:14  [ ForkJoinPool.commonPool-worker-2:108683 ] - [ INFO ]  Done!
2019-05-08 23:11:15  [ ForkJoinPool.commonPool-worker-2:109717 ] - [ INFO ]  Done!
2019-05-08 23:11:17  [ ForkJoinPool.commonPool-worker-2:111684 ] - [ INFO ]  Done!
2019-05-08 23:11:18  [ ForkJoinPool.commonPool-worker-2:112715 ] - [ INFO ]  Done!
2019-05-08 23:11:20  [ ForkJoinPool.commonPool-worker-2:114685 ] - [ INFO ]  Done!
2019-05-08 23:11:21  [ ForkJoinPool.commonPool-worker-2:115735 ] - [ INFO ]  Done!
2019-05-08 23:11:23  [ ForkJoinPool.commonPool-worker-2:117684 ] - [ INFO ]  Done!
2019-05-08 23:11:24  [ ForkJoinPool.commonPool-worker-2:118714 ] - [ INFO ]  Done!
2019-05-08 23:11:26  [ ForkJoinPool.commonPool-worker-2:120686 ] - [ INFO ]  Done!
2019-05-08 23:11:27  [ ForkJoinPool.commonPool-worker-2:121716 ] - [ INFO ]  Done!
2019-05-08 23:11:29  [ ForkJoinPool.commonPool-worker-2:123687 ] - [ INFO ]  Done!
2019-05-08 23:11:30  [ ForkJoinPool.commonPool-worker-2:124717 ] - [ INFO ]  Done!
2019-05-08 23:11:32  [ ForkJoinPool.commonPool-worker-2:126688 ] - [ INFO ]  Done!
2019-05-08 23:11:33  [ ForkJoinPool.commonPool-worker-2:127716 ] - [ INFO ]  Done!
2019-05-08 23:11:35  [ ForkJoinPool.commonPool-worker-2:129688 ] - [ INFO ]  Done!
2019-05-08 23:11:36  [ ForkJoinPool.commonPool-worker-2:130733 ] - [ INFO ]  Done!
2019-05-08 23:11:38  [ ForkJoinPool.commonPool-worker-2:132695 ] - [ INFO ]  Done!
2019-05-08 23:11:39  [ ForkJoinPool.commonPool-worker-2:133722 ] - [ INFO ]  Done!
2019-05-08 23:11:41  [ ForkJoinPool.commonPool-worker-2:135689 ] - [ INFO ]  Done!
2019-05-08 23:11:42  [ ForkJoinPool.commonPool-worker-2:136720 ] - [ INFO ]  Done!
2019-05-08 23:11:44  [ ForkJoinPool.commonPool-worker-2:138690 ] - [ INFO ]  Done!
2019-05-08 23:11:45  [ ForkJoinPool.commonPool-worker-2:139723 ] - [ INFO ]  Done!
2019-05-08 23:11:47  [ ForkJoinPool.commonPool-worker-2:141691 ] - [ INFO ]  Done!
2019-05-08 23:11:48  [ ForkJoinPool.commonPool-worker-2:142724 ] - [ INFO ]  Done!
2019-05-08 23:11:50  [ ForkJoinPool.commonPool-worker-2:144691 ] - [ INFO ]  Done!
2019-05-08 23:11:51  [ ForkJoinPool.commonPool-worker-2:145723 ] - [ INFO ]  Done!
2019-05-08 23:11:53  [ ForkJoinPool.commonPool-worker-2:147693 ] - [ INFO ]  Done!
2019-05-08 23:11:54  [ ForkJoinPool.commonPool-worker-2:148724 ] - [ INFO ]  Done!
2019-05-08 23:11:56  [ ForkJoinPool.commonPool-worker-2:150694 ] - [ INFO ]  Done!
2019-05-08 23:11:57  [ ForkJoinPool.commonPool-worker-2:151724 ] - [ INFO ]  Done!
2019-05-08 23:11:59  [ ForkJoinPool.commonPool-worker-2:153695 ] - [ INFO ]  Done!
2019-05-08 23:12:00  [ ForkJoinPool.commonPool-worker-2:154727 ] - [ INFO ]  Done!
2019-05-08 23:12:02  [ ForkJoinPool.commonPool-worker-2:156695 ] - [ INFO ]  Done!
2019-05-08 23:12:03  [ ForkJoinPool.commonPool-worker-2:157727 ] - [ INFO ]  Done!
2019-05-08 23:12:05  [ ForkJoinPool.commonPool-worker-2:159696 ] - [ INFO ]  Done!
2019-05-08 23:12:06  [ ForkJoinPool.commonPool-worker-2:160729 ] - [ INFO ]  Done!
2019-05-08 23:12:08  [ ForkJoinPool.commonPool-worker-2:162698 ] - [ INFO ]  Done!
2019-05-08 23:12:09  [ ForkJoinPool.commonPool-worker-2:163729 ] - [ INFO ]  Done!
2019-05-08 23:12:11  [ ForkJoinPool.commonPool-worker-2:165699 ] - [ INFO ]  Done!
2019-05-08 23:12:12  [ ForkJoinPool.commonPool-worker-2:166732 ] - [ INFO ]  Done!
2019-05-08 23:12:14  [ ForkJoinPool.commonPool-worker-2:168714 ] - [ INFO ]  Done!
2019-05-08 23:12:15  [ ForkJoinPool.commonPool-worker-2:169732 ] - [ INFO ]  Done!
2019-05-08 23:12:17  [ ForkJoinPool.commonPool-worker-2:171701 ] - [ INFO ]  Done!
2019-05-08 23:12:18  [ ForkJoinPool.commonPool-worker-2:172733 ] - [ INFO ]  Done!
2019-05-08 23:12:20  [ ForkJoinPool.commonPool-worker-2:174702 ] - [ INFO ]  Done!
2019-05-08 23:12:21  [ ForkJoinPool.commonPool-worker-2:175732 ] - [ INFO ]  Done!
2019-05-08 23:12:23  [ ForkJoinPool.commonPool-worker-2:177702 ] - [ INFO ]  Done!
2019-05-08 23:12:24  [ ForkJoinPool.commonPool-worker-2:178732 ] - [ INFO ]  Done!
2019-05-08 23:12:26  [ ForkJoinPool.commonPool-worker-2:180704 ] - [ INFO ]  Done!
2019-05-08 23:12:27  [ ForkJoinPool.commonPool-worker-2:181733 ] - [ INFO ]  Done!
2019-05-08 23:12:29  [ ForkJoinPool.commonPool-worker-2:183704 ] - [ INFO ]  Done!
2019-05-08 23:12:30  [ ForkJoinPool.commonPool-worker-2:184737 ] - [ INFO ]  Done!
2019-05-08 23:12:31  [ Thread-4:185701 ] - [ INFO ]  sshSession closed!
2019-05-08 23:12:32  [ Thread-5:186731 ] - [ INFO ]  sshSession closed!
